<?xml version="1.0" encoding="UTF-8"?>
<!-- Generated by org.testng.reporters.JUnitXMLReporter -->
<testsuite hostname="DESKTOP-DRS2C16" ignored="0" name="EMPLOYEE RECORDS" tests="1" failures="1" timestamp="29 Apr 2022 12:06:05 GMT" time="0.032" errors="0">
  <testcase name="passing" time="0.0" classname="testNG.ParmeterTestng">
    <failure type="org.testng.TestNGException" message="
Cannot inject @Test annotated Method [passing] with [class java.lang.String, int, class java.lang.String].
For more information on native dependency injection please refer to http://testng.org/doc/documentation-main.html#native-dependency-injection">
      <![CDATA[org.testng.TestNGException: 
Cannot inject @Test annotated Method [passing] with [class java.lang.String, int, class java.lang.String].
For more information on native dependency injection please refer to http://testng.org/doc/documentation-main.html#native-dependency-injection
... Removed 24 stack frames]]>
    </failure>
  </testcase> <!-- passing -->
</testsuite> <!-- EMPLOYEE RECORDS -->
